-------------------------------------------------------------------------------
Test set: com.parkit.parkingsystem.ParkingSpotDAOTest
-------------------------------------------------------------------------------
Tests run: 3, Failures: 1, Errors: 0, Skipped: 0, Time elapsed: 1.299 s <<< FAILURE! - in com.parkit.parkingsystem.ParkingSpotDAOTest
getNextAvaiableSlotCar  Time elapsed: 1.232 s  <<< FAILURE!
org.opentest4j.AssertionFailedError: expected: not equal but was: <1>
	at com.parkit.parkingsystem.ParkingSpotDAOTest.getNextAvaiableSlotCar(ParkingSpotDAOTest.java:38)

