<?xml version="1.0" encoding="UTF-8"?>
<testsuite xmlns:xsi="http://www.w3.org/2001/XMLSchema-instance" xsi:noNamespaceSchemaLocation="https://maven.apache.org/surefire/maven-surefire-plugin/xsd/surefire-test-report.xsd" name="com.parkit.parkingsystem.integration.FareCalculatorServiceTest" time="0.063" tests="9" errors="0" skipped="0" failures="0">
  <properties>
[...]
</properties>
  <testcase name="calculateFareBike_WithLessThanOneHour_ParkingTime" classname="com.parkit.parkingsystem.integration.FareCalculatorServiceTest" time="0.016"/>
  <testcase name="calculateFareCar_WithLessThanOneHour_ParkingTime" classname="com.parkit.parkingsystem.integration.FareCalculatorServiceTest" time="0"/>
  <testcase name="calculateFareCar_WithMoreThanADay_ParkingTime" classname="com.parkit.parkingsystem.integration.FareCalculatorServiceTest" time="0"/>
  <testcase name="calculateFareBike_WithFutureInTime" classname="com.parkit.parkingsystem.integration.FareCalculatorServiceTest" time="0.016"/>
  <testcase name="calculateFareUnkownType" classname="com.parkit.parkingsystem.integration.FareCalculatorServiceTest" time="0"/>
  <testcase name="calculateFareCar" classname="com.parkit.parkingsystem.integration.FareCalculatorServiceTest" time="0"/>
  <testcase name="calculateFareBike" classname="com.parkit.parkingsystem.integration.FareCalculatorServiceTest" time="0"/>
  <testcase name="calculateFareBike_WithMoreThanADay_ParkingTime" classname="com.parkit.parkingsystem.integration.FareCalculatorServiceTest" time="0"/>
  <testcase name="calculateFareCar_WithFutureInTime" classname="com.parkit.parkingsystem.integration.FareCalculatorServiceTest" time="0"/>
</testsuite>